<?xml version="1.0" encoding="UTF-8"?>
<!-- Generated by org.testng.reporters.JUnitReportReporter -->
<testsuite skipped="0" hostname="DESKTOP-AJ0SKNV" name="Selenium.Automation.NewTest" tests="2" failures="0" timestamp="2020-01-06T20:10:56 GMT-05:00" time="0.009" errors="0">
  <testcase name="f" time="0.006" classname="Selenium.Automation.NewTest"/>
  <testcase name="f" time="0.003" classname="Selenium.Automation.NewTest"/>
</testsuite> <!-- Selenium.Automation.NewTest -->
