<?xml version="1.0" encoding="UTF-8"?>
<!-- Generated by org.testng.reporters.JUnitReportReporter -->
<testsuite skipped="0" hostname="DESKTOP-AJ0SKNV" name="Selenium.Automation.TrialClasstestNG" tests="1" failures="0" timestamp="2020-01-06T20:36:53 GMT-05:00" time="4.933" errors="0">
  <testcase name="afterClassTest" time="4.933" classname="Selenium.Automation.TrialClasstestNG"/>
</testsuite> <!-- Selenium.Automation.TrialClasstestNG -->
