<?xml version="1.0" encoding="UTF-8"?>
<!-- Generated by org.testng.reporters.JUnitReportReporter -->
<testsuite skipped="0" hostname="DESKTOP-AJ0SKNV" name="Selenium.Automation.screenshot" tests="1" failures="0" timestamp="2020-01-06T21:33:01 GMT-05:00" time="0.005" errors="0">
  <testcase name="f" time="0.005" classname="Selenium.Automation.screenshot"/>
</testsuite> <!-- Selenium.Automation.screenshot -->
